#
# There is insufficient memory for the Java Runtime Environment to continue.
# Native memory allocation (mmap) failed to map 268435456 bytes for G1 virtual space
# Possible reasons:
#   The system is out of physical RAM or swap space
#   The process is running with CompressedOops enabled, and the Java Heap may be blocking the growth of the native heap
# Possible solutions:
#   Reduce memory load on the system
#   Increase physical memory or swap space
#   Check if swap backing store is full
#   Decrease Java heap size (-Xmx/-Xms)
#   Decrease number of Java threads
#   Decrease Java thread stack sizes (-Xss)
#   Set larger code cache with -XX:ReservedCodeCacheSize=
#   JVM is running with Unscaled Compressed Oops mode in which the Java heap is
#     placed in the first 4GB address space. The Java Heap base address is the
#     maximum limit for the native heap growth. Please use -XX:HeapBaseMinAddress
#     to set the Java Heap base and to place the Java Heap above 4GB virtual address.
# This output file may be truncated or incomplete.
#
#  Out of Memory Error (os_windows.cpp:3825), pid=6724, tid=5444
#
# JRE version:  (17.0.9) (build )
# Java VM: OpenJDK 64-Bit Server VM (17.0.9+0--11185874, mixed mode, sharing, tiered, compressed oops, compressed class ptrs, g1 gc, windows-amd64)
# No core dump will be written. Minidumps are not enabled by default on client versions of Windows
#

---------------  S U M M A R Y ------------

Command Line: -Djava.awt.headless=true -Dorg.gradle.internal.worker.tmpdir=D:\AndroidStudioProjects\Actors\core\network\build\tmp\testDebugUnitTest\work -Dorg.gradle.native=false -Xmx512m -Dfile.encoding=UTF-8 -Duser.country=RU -Duser.language=ru -Duser.variant -ea worker.org.gradle.process.internal.worker.GradleWorkerMain 'Gradle Test Executor 11'

Host: Intel(R) Core(TM) i7-8700 CPU @ 3.20GHz, 12 cores, 15G,  Windows 10 , 64 bit Build 19041 (10.0.19041.3636)
Time: Wed Mar 13 04:24:34 2024  Windows 10 , 64 bit Build 19041 (10.0.19041.3636) elapsed time: 0.013509 seconds (0d 0h 0m 0s)

---------------  T H R E A D  ---------------

Current thread (0x00000234be870cf0):  JavaThread "Unknown thread" [_thread_in_vm, id=5444, stack(0x000000c2adc00000,0x000000c2add00000)]

Stack: [0x000000c2adc00000,0x000000c2add00000]
Native frames: (J=compiled Java code, j=interpreted, Vv=VM code, C=native code)
V  [jvm.dll+0x6886e9]
V  [jvm.dll+0x841e4a]
V  [jvm.dll+0x843a8e]
V  [jvm.dll+0x8440f3]
V  [jvm.dll+0x24c14f]
V  [jvm.dll+0x685499]
V  [jvm.dll+0x679c2a]
V  [jvm.dll+0x30cf9b]
V  [jvm.dll+0x314446]
V  [jvm.dll+0x36425e]
V  [jvm.dll+0x36448f]
V  [jvm.dll+0x2e2d68]
V  [jvm.dll+0x2e3cd4]
V  [jvm.dll+0x8129f1]
V  [jvm.dll+0x3720c1]
V  [jvm.dll+0x7f152c]
V  [jvm.dll+0x3f5d4f]
V  [jvm.dll+0x3f7981]
C  [jli.dll+0x528f]
C  [ucrtbase.dll+0x21bb2]
C  [KERNEL32.DLL+0x17344]
C  [ntdll.dll+0x526b1]


---------------  P R O C E S S  ---------------

Threads class SMR info:
_java_thread_list=0x00007ffafbd9ef18, length=0, elements={
}

Java Threads: ( => current thread )

Other Threads:
  0x00000234be89da80 GCTaskThread "GC Thread#0" [stack: 0x000000c2add00000,0x000000c2ade00000] [id=8112]
  0x00000234be8a29d0 ConcurrentGCThread "G1 Main Marker" [stack: 0x000000c2ade00000,0x000000c2adf00000] [id=18264]
  0x00000234be8a33f0 ConcurrentGCThread "G1 Conc#0" [stack: 0x000000c2adf00000,0x000000c2ae000000] [id=2428]

[error occurred during error reporting (printing all threads), id 0xc0000005, EXCEPTION_ACCESS_VIOLATION (0xc0000005) at pc=0x00007ffafb553937]

VM state: not at safepoint (not fully initialized)

VM Mutex/Monitor currently owned by a thread:  ([mutex/lock_event])
[0x00000234be86aff0] Heap_lock - owner thread: 0x00000234be870cf0

Heap address: 0x00000000e0000000, size: 512 MB, Compressed Oops mode: 32-bit

CDS archive(s) mapped at: [0x0000000000000000-0x0000000000000000-0x0000000000000000), size 0, SharedBaseAddress: 0x0000000800000000, ArchiveRelocationMode: 1.
Narrow klass base: 0x0000000000000000, Narrow klass shift: 0, Narrow klass range: 0x0

GC Precious Log:
<Empty>

Heap:
 garbage-first heap   total 0K, used 0K [0x00000000e0000000, 0x0000000100000000)
  region size 1024K, 0 young (0K), 0 survivors (0K)
 Metaspace       used 0K, committed 0K, reserved 0K
  class space    used 0K, committed 0K, reserved 0K

Heap Regions: E=young(eden), S=young(survivor), O=old, HS=humongous(starts), HC=humongous(continues), CS=collection set, F=free, OA=open archive, CA=closed archive, TAMS=top-at-mark-start (previous, next)

Card table byte_map: [0x00000234d32a0000,0x00000234d33a0000] _byte_map_base: 0x00000234d2ba0000

Marking Bits (Prev, Next): (CMBitMap*) 0x00000234be89e0a0, (CMBitMap*) 0x00000234be89e0e0
 Prev Bits: [0x00000234d34a0000, 0x00000234d3ca0000)
 Next Bits: [0x00000234d3ca0000, 0x00000234d44a0000)

GC Heap History (0 events):
No events

Dll operation events (1 events):
Event: 0.005 Loaded shared library C:\Users\Admin\AppData\Local\Programs\Android Studio\jbr\bin\java.dll

Deoptimization events (0 events):
No events

Classes unloaded (0 events):
No events

Classes redefined (0 events):
No events

Internal exceptions (0 events):
No events

VM Operations (0 events):
No events

Events (0 events):
No events


Dynamic libraries:
0x00007ff699e20000 - 0x00007ff699e2a000 	C:\Users\Admin\AppData\Local\Programs\Android Studio\jbr\bin\java.exe
0x00007ffb34730000 - 0x00007ffb34928000 	C:\WINDOWS\SYSTEM32\ntdll.dll
0x00007ffb32770000 - 0x00007ffb3282d000 	C:\WINDOWS\System32\KERNEL32.DLL
0x00007ffb32280000 - 0x00007ffb32576000 	C:\WINDOWS\System32\KERNELBASE.dll
0x00007ffb31f50000 - 0x00007ffb32050000 	C:\WINDOWS\System32\ucrtbase.dll
0x00007ffb199a0000 - 0x00007ffb199b7000 	C:\Users\Admin\AppData\Local\Programs\Android Studio\jbr\bin\jli.dll
0x00007ffb28a90000 - 0x00007ffb28aab000 	C:\Users\Admin\AppData\Local\Programs\Android Studio\jbr\bin\VCRUNTIME140.dll
0x00007ffb32c20000 - 0x00007ffb32dbe000 	C:\WINDOWS\System32\USER32.dll
0x00007ffb320a0000 - 0x00007ffb320c2000 	C:\WINDOWS\System32\win32u.dll
0x00007ffb1a680000 - 0x00007ffb1a91a000 	C:\WINDOWS\WinSxS\amd64_microsoft.windows.common-controls_6595b64144ccf1df_6.0.19041.3636_none_60b6a03d71f818d5\COMCTL32.dll
0x00007ffb334d0000 - 0x00007ffb334fb000 	C:\WINDOWS\System32\GDI32.dll
0x00007ffb32dc0000 - 0x00007ffb32e5e000 	C:\WINDOWS\System32\msvcrt.dll
0x00007ffb32160000 - 0x00007ffb32277000 	C:\WINDOWS\System32\gdi32full.dll
0x00007ffb32580000 - 0x00007ffb3261d000 	C:\WINDOWS\System32\msvcp_win.dll
0x00007ffb338d0000 - 0x00007ffb33902000 	C:\WINDOWS\System32\IMM32.DLL
0x00007ffb2f680000 - 0x00007ffb2f68c000 	C:\Users\Admin\AppData\Local\Programs\Android Studio\jbr\bin\vcruntime140_1.dll
0x00007ffb0c4e0000 - 0x00007ffb0c56d000 	C:\Users\Admin\AppData\Local\Programs\Android Studio\jbr\bin\msvcp140.dll
0x00007ffafb260000 - 0x00007ffafbee3000 	C:\Users\Admin\AppData\Local\Programs\Android Studio\jbr\bin\server\jvm.dll
0x00007ffb34100000 - 0x00007ffb341b3000 	C:\WINDOWS\System32\ADVAPI32.dll
0x00007ffb34060000 - 0x00007ffb340ff000 	C:\WINDOWS\System32\sechost.dll
0x00007ffb32950000 - 0x00007ffb32a76000 	C:\WINDOWS\System32\RPCRT4.dll
0x00007ffb32740000 - 0x00007ffb32767000 	C:\WINDOWS\System32\bcrypt.dll
0x00007ffb2a0e0000 - 0x00007ffb2a0ea000 	C:\WINDOWS\SYSTEM32\VERSION.dll
0x00007ffb240f0000 - 0x00007ffb24117000 	C:\WINDOWS\SYSTEM32\WINMM.dll
0x00007ffb31c50000 - 0x00007ffb31c9b000 	C:\WINDOWS\SYSTEM32\POWRPROF.dll
0x00007ffb2f640000 - 0x00007ffb2f649000 	C:\WINDOWS\SYSTEM32\WSOCK32.dll
0x00007ffb32bb0000 - 0x00007ffb32c1b000 	C:\WINDOWS\System32\WS2_32.dll
0x00007ffb31c30000 - 0x00007ffb31c42000 	C:\WINDOWS\SYSTEM32\UMPDC.dll
0x00007ffb2fcc0000 - 0x00007ffb2fcd2000 	C:\WINDOWS\SYSTEM32\kernel.appcore.dll
0x00007ffb2f6a0000 - 0x00007ffb2f6aa000 	C:\Users\Admin\AppData\Local\Programs\Android Studio\jbr\bin\jimage.dll
0x00007ffb237b0000 - 0x00007ffb23994000 	C:\WINDOWS\SYSTEM32\DBGHELP.DLL
0x00007ffb08e80000 - 0x00007ffb08eb4000 	C:\WINDOWS\SYSTEM32\dbgcore.DLL
0x00007ffb320d0000 - 0x00007ffb32152000 	C:\WINDOWS\System32\bcryptPrimitives.dll
0x00007ffb27ea0000 - 0x00007ffb27ec5000 	C:\Users\Admin\AppData\Local\Programs\Android Studio\jbr\bin\java.dll

dbghelp: loaded successfully - version: 4.0.5 - missing functions: none
symbol engine: initialized successfully - sym options: 0x614 - pdb path: .;C:\Users\Admin\AppData\Local\Programs\Android Studio\jbr\bin;C:\WINDOWS\SYSTEM32;C:\WINDOWS\WinSxS\amd64_microsoft.windows.common-controls_6595b64144ccf1df_6.0.19041.3636_none_60b6a03d71f818d5;C:\Users\Admin\AppData\Local\Programs\Android Studio\jbr\bin\server

VM Arguments:
jvm_args: -Djava.awt.headless=true -Dorg.gradle.internal.worker.tmpdir=D:\AndroidStudioProjects\Actors\core\network\build\tmp\testDebugUnitTest\work -Dorg.gradle.native=false -Xmx512m -Dfile.encoding=UTF-8 -Duser.country=RU -Duser.language=ru -Duser.variant -ea 
java_command: worker.org.gradle.process.internal.worker.GradleWorkerMain 'Gradle Test Executor 11'
java_class_path (initial): D:\\.gradle\\caches\\8.2\\workerMain\\gradle-worker.jar;D:\\AndroidStudioProjects\\Actors\\core\\network\\build\\intermediates\\unit_test_config_directory\\debugUnitTest\\out;D:\\AndroidStudioProjects\\Actors\\core\\network\\build\\intermediates\\compile_and_runtime_not_namespaced_r_class_jar\\debugUnitTest\\R.jar;D:\\AndroidStudioProjects\\Actors\\core\\network\\build\\tmp\\kotlin-classes\\debugUnitTest;D:\\AndroidStudioProjects\\Actors\\core\\network\\build\\intermediates\\java_res\\debugUnitTest\\out;D:\\AndroidStudioProjects\\Actors\\core\\network\\build\\intermediates\\runtime_library_classes_jar\\debug\\classes.jar;D:\\.gradle\\caches\\modules-2\\files-2.1\\junit\\junit\\4.13.2\\8ac9e16d933b6fb43bc7f576336b8f4d7eb5ba12\\junit-4.13.2.jar;D:\\AndroidStudioProjects\\Actors\\core\\common\\build\\intermediates\\runtime_library_classes_jar\\debug\\classes.jar;D:\\.gradle\\caches\\modules-2\\files-2.1\\com.jakewharton.retrofit\\retrofit2-kotlinx-serialization-converter\\1.0.0\\99f70a2daf3256f048893c79a2b795f476f1789f\\retrofit2-kotlinx-serialization-converter-1.0.0.jar;D:\\.gradle\\caches\\transforms-3\\ede5447ad34fc075dd3049c6727cf3cd\\transformed\\material-1.11.0-runtime.jar;D:\\.gradle\\caches\\transforms-3\\d792b9db38e8da57bd07e6aa64d4c1bd\\transformed\\appcompat-resources-1.6.1-runtime.jar;D:\\.gradle\\caches\\transforms-3\\a1b2abe2b48a10a8c692d27c2d51d972\\transformed\\constraintlayout-2.0.1-runtime.jar;D:\\.gradle\\caches\\transforms-3\\ac5f00f0acfd55c0fa167b326c098cb7\\transformed\\appcompat-1.6.1-runtime.jar;D:\\.gradle\\caches\\transforms-3\\7cc0b0df6b3d5cea8214741a44b6c8f2\\transformed\\emoji2-views-helper-1.2.0-runtime.jar;D:\\.gradle\\caches\\transforms-3\\e98a815d661cc9cfae5a2beb4ca405db\\transformed\\emoji2-1.2.0-runtime.jar;D:\\.gradle\\caches\\transforms-3\\29cb3f4e7813d26feb91376ccae1d130\\transformed\\hilt-android-2.46.1-runtime.jar;D:\\.gradle\\caches\\transforms-3\\53bdb6ef961f2097cceadcb822807af0\\transformed\\viewpa
Launcher Type: SUN_STANDARD

[Global flags]
     intx CICompilerCount                          = 4                                         {product} {ergonomic}
     uint ConcGCThreads                            = 3                                         {product} {ergonomic}
     uint G1ConcRefinementThreads                  = 10                                        {product} {ergonomic}
   size_t G1HeapRegionSize                         = 1048576                                   {product} {ergonomic}
    uintx GCDrainStackTargetSize                   = 64                                        {product} {ergonomic}
   size_t InitialHeapSize                          = 268435456                                 {product} {ergonomic}
   size_t MarkStackSize                            = 4194304                                   {product} {ergonomic}
   size_t MaxHeapSize                              = 536870912                                 {product} {command line}
   size_t MinHeapDeltaBytes                        = 1048576                                   {product} {ergonomic}
   size_t MinHeapSize                              = 8388608                                   {product} {ergonomic}
    uintx NonNMethodCodeHeapSize                   = 5839372                                {pd product} {ergonomic}
    uintx NonProfiledCodeHeapSize                  = 122909434                              {pd product} {ergonomic}
    uintx ProfiledCodeHeapSize                     = 122909434                              {pd product} {ergonomic}
    uintx ReservedCodeCacheSize                    = 251658240                              {pd product} {ergonomic}
     bool SegmentedCodeCache                       = true                                      {product} {ergonomic}
   size_t SoftMaxHeapSize                          = 536870912                              {manageable} {ergonomic}
     bool UseCompressedClassPointers               = true                           {product lp64_product} {ergonomic}
     bool UseCompressedOops                        = true                           {product lp64_product} {ergonomic}
     bool UseG1GC                                  = true                                      {product} {ergonomic}
     bool UseLargePagesIndividualAllocation        = false                                  {pd product} {ergonomic}

Logging:
Log output configuration:
 #0: stdout all=warning uptime,level,tags
 #1: stderr all=off uptime,level,tags

Environment Variables:
PATH=C:\Program Files\Common Files\Oracle\Java\javapath;C:\Program Files (x86)\Common Files\Oracle\Java\javapath;C:\Program Files\NVIDIA GPU Computing Toolkit\CUDA\v12.0\bin;C:\Program Files\NVIDIA GPU Computing Toolkit\CUDA\v12.0\libnvvp;C:\Program Files\OpenJDK\jdk-8.0.262.10-hotspot\bin;C:\Windows\system32;C:\Windows;C:\Windows\System32\Wbem;C:\Windows\System32\WindowsPowerShell\v1.0\;C:\Windows\System32\OpenSSH\;C:\Program Files (x86)\NVIDIA Corporation\PhysX\Common;C:\Program Files\NVIDIA Corporation\NVIDIA NvDLISR;C:\WINDOWS\system32;C:\WINDOWS;C:\WINDOWS\System32\Wbem;C:\WINDOWS\System32\WindowsPowerShell\v1.0\;C:\WINDOWS\System32\OpenSSH\;C:\Program Files\dotnet\;C:\Program Files\NVIDIA Corporation\Nsight Compute 2022.4.0\;C:\Program Files (x86)\Microsoft SQL Server\160\Tools\Binn\;C:\Program Files\Microsoft SQL Server\160\Tools\Binn\;C:\Program Files\Microsoft SQL Server\Client SDK\ODBC\170\Tools\Binn\;C:\Program Files\Microsoft SQL Server\160\DTS\Binn\;C:\Program Files\Git\cmd;C:\Program Files\Microsoft SQL Server\150\Tools\Binn\;C:\Program Files (x86)\Microsoft SQL Server\160\DTS\Binn\;C:\Program Files\Azure Data Studio\bin;D:\nodejs\;C:\Users\Admin\AppData\Local\Programs\Python\Launcher\;C:\Users\Admin\AppData\Local\Microsoft\WindowsApps;D:\PyCharm Community Edition 2022.3.2\bin;D:\PyCharm 2022.3.1\bin;C:\src\flutter\bin;D:\JetBrains Gateway 2023.1\bin;C:\Users\Admin\AppData\Local\JetBrains\Toolbox\scripts;C:\Users\Admin\.dotnet\tools;C:\Users\Admin\AppData\Roaming\npm;D:\Microsoft VS Code\bin
USERNAME=Admin
OS=Windows_NT
PROCESSOR_IDENTIFIER=Intel64 Family 6 Model 158 Stepping 10, GenuineIntel
TMP=C:\Users\Admin\AppData\Local\Temp
TEMP=C:\Users\Admin\AppData\Local\Temp



Periodic native trim disabled

JNI global refs:
JNI global refs: 0, weak refs: 0

JNI global refs memory usage: 0, weak refs: 0

OOME stack traces (most recent first):
Classloader memory used:


---------------  S Y S T E M  ---------------

OS:
 Windows 10 , 64 bit Build 19041 (10.0.19041.3636)
OS uptime: 0 days 18:14 hours

CPU: total 12 (initial active 12) (6 cores per cpu, 2 threads per core) family 6 model 158 stepping 10 microcode 0xb4, cx8, cmov, fxsr, ht, mmx, 3dnowpref, sse, sse2, sse3, ssse3, sse4.1, sse4.2, popcnt, lzcnt, tsc, tscinvbit, avx, avx2, aes, erms, clmul, bmi1, bmi2, rtm, adx, fma, vzeroupper, clflush, clflushopt
Processor Information for all 12 processors :
  Max Mhz: 3192, Current Mhz: 3192, Mhz Limit: 3192

Memory: 4k page, system-wide physical 16294M (672M free)
TotalPageFile size 25794M (AvailPageFile size 50M)
current process WorkingSet (physical memory assigned to process): 10M, peak: 10M
current process commit charge ("private bytes"): 63M, peak: 319M

vm_info: OpenJDK 64-Bit Server VM (17.0.9+0--11185874) for windows-amd64 JRE (17.0.9+0--11185874), built on Dec  6 2023 18:57:44 by "androidbuild" with MS VC++ 16.10 / 16.11 (VS2019)

END.
